






		     __  _____________             _________________
		    / / /   ____  ___/            / ___   ____  ___/
		   / / / / /_  / /      _____    / /   / /_  / /__  
		  / / / /\__ \/ /      /____/   / /    \__ \/ ___/  
		 / /_/ /___/ / /___            / /_______/ / /___   
		 \____/\____/\____/            \____/\____/\____/   






		          _______________________________________________
		         / ___ /    \  ___ /    \  _  _   /    \ | | | | 
		        / /   / __  / /   / __  / / \/ / / __  / | | | | 
		       / /   / /_/ / /   / /_/ / /    / / /_/ /  | | | | 
		      / /___/     / /___/     / /    / /     /   | | | | 
		      \____/\____/\____/\____/\/    /_/\____/   _|_|_|_|_





		##USC COCOMO II.1999.0##

	 DEVELOPMENT MODEL: Early Design Model
Printed at:  Sun Mar 29 23:48:48 2009


Project Name:  <sample>

Scale Factors:    PREC   FLEX   RESL   TEAM   PMAT
                    VH      N      H     VH      L
                  1.24   3.04   2.83   1.10   6.24


                                 NOM     ACT           RATE             
                Module        Effort  Effort  PROD        &  INST
  Module Name    Size   EAF      DEV     DEV           COST  COST  Staff   RISK

                  SLOC                                400.0             
Mapa de Asuncion    2019  0.74     6.2     4.6 441.3     1830   0.9    0.8    0.0


    TOTAL SLOC    2019     OPTIMISTIC    3.1 662.0     1226   0.6    0.6    0.0
                           MOST LIKELY   4.6 441.3     1830   0.9    0.8    0.0
                          PESSIMISTIC   6.9 295.7     2745   1.4    1.0    0.0

                OPTIMISTIC   MOST LIKELY   PESSIMISTIC
  SCHEDULE             5.2           5.9           6.7


Printed at:  Sun Mar 29 23:48:48 2009


Project Name:  <sample>

         MODULE NAME   SIZING DETAILS


    Mapa de Asuncion BRAK  INITSLOC
                SLOC    0      2019




Printed at:  Sun Mar 29 23:48:48 2009


Project Name:  <sample>

		       PROJECT PHASE & ACTIVITY INFORMATION
		     ========================================

          Overall Phase Distribution
==============================================================================
 PROJECT                                        <sample>
 SLOC                                               2019
 TOTAL EFFORT                                      4.575 Person Months
==============================================================================
                          PCNT    EFFORT (PM)     PCNT     SCHEDULE       Staff
 Plans And Requirements    7.000     0.320       16.006      0.940       0.341
 Product Design           17.000     0.778       24.003      1.409       0.552
 Programming              63.990     2.927       55.987      3.287       0.891
   - Detailed Design      26.997     1.235        ----        ----        ----
   - Code and Unit Test   36.994     1.692        ----        ----        ----
 Integration and Test     19.009     0.870       20.009      1.175       0.740


==============================================================================
 Life Cycle Phase                      Plans And Requirements
 Life Cycle Effort                                        0.320 Person Months
 Life Cycle Schedule                                      0.940 Months
==============================================================================
                                PCNT      EFFORT (PM)   SCHEDULE       Staff   
 Requirements Analysis          47.997     0.154         0.940        0.164
 Product Design                 16.002     0.051         0.940        0.055
 Programming                     2.503     0.008         0.940        0.009
 Test Planning                   2.502     0.008         0.940        0.009
 Verification and Validation     6.002     0.019         0.940        0.020
 Project Office                 15.497     0.050         0.940        0.053
 CM/QA                           3.498     0.011         0.940        0.012
 Manuals                         6.000     0.019         0.940        0.020



Printed at:  Sun Mar 29 23:48:48 2009


Project Name:  <sample>

		       PROJECT PHASE & ACTIVITY INFORMATION
		     ========================================

==============================================================================
 Life Cycle Phase                              Product Design
 Life Cycle Effort                                        0.778 Person Months
 Life Cycle Schedule                                      1.409 Months
==============================================================================
                                PCNT      EFFORT (PM)   SCHEDULE       Staff   
 Requirements Analysis          12.500     0.097         1.409        0.069
 Product Design                 41.000     0.319         1.409        0.226
 Programming                    12.002     0.093         1.409        0.066
 Test Planning                   4.502     0.035         1.409        0.025
 Verification and Validation     6.002     0.047         1.409        0.033
 Project Office                 12.997     0.101         1.409        0.072
 CM/QA                           2.998     0.023         1.409        0.017
 Manuals                         8.000     0.062         1.409        0.044

==============================================================================
 Life Cycle Phase                                 Programming
 Life Cycle Effort                                        2.927 Person Months
 Life Cycle Schedule                                      3.287 Months
==============================================================================
                                PCNT      EFFORT (PM)   SCHEDULE       Staff   
 Requirements Analysis           4.000     0.117         3.287        0.036
 Product Design                  8.000     0.234         3.287        0.071
 Programming                    56.500     1.654         3.287        0.503
 Test Planning                   4.002     0.117         3.287        0.036
 Verification and Validation     7.002     0.205         3.287        0.062
 Project Office                  7.498     0.220         3.287        0.067
 CM/QA                           6.998     0.205         3.287        0.062
 Manuals                         6.000     0.176         3.287        0.053

==============================================================================
 Life Cycle Phase                        Integration and Test
 Life Cycle Effort                                        0.870 Person Months
 Life Cycle Schedule                                      1.175 Months
==============================================================================
                                PCNT      EFFORT (PM)   SCHEDULE       Staff   
 Requirements Analysis           2.500     0.022         1.175        0.019
 Product Design                  5.000     0.043         1.175        0.037
 Programming                    33.006     0.287         1.175        0.244
 Test Planning                   2.500     0.022         1.175        0.019
 Verification and Validation    31.997     0.278         1.175        0.237
 Project Office                  8.498     0.074         1.175        0.063
 CM/QA                           8.498     0.074         1.175        0.063
 Manuals                         8.000     0.070         1.175        0.059




Printed at:  Sun Mar 29 23:48:48 2009


Project Name:  <sample>

		       PROJECT  MAINTENANCE INFORMATION
		=============================================

 PROJECT                                                  <sample>
 Development SLOC                                             2019
 Development Nominal Person-Month                                6.17
 Development Adjusted Person-Month                               4.57
 Development Cost                                             1829.95
 Maintenance Labor Rate                                          0.00
 Percentage Added                                                0.00%
 Percentage Modified                                             0.00%
 Maintenance Software Understanding                              30.00
 Unfamiliarity with the Software                                 0.40

 Annual Change Traffic                                           0.00%

 Effort Ajustment Factor                                         1.00


   RCPX     RUSE     PDIF     PERS     PREX     FCIL
  Nominal  Nominal  Nominal  Nominal  Nominal  Nominal
       0%       0%       0%       0%       0%       0%
   USR1     USR2
  Nominal  Nominal
       0%       0%

              WORK LOAD PROJECTION FOR THE NEXT 1 YEARS
 Year      KSLOC       Effort_Nom  Effort_Maint  Staff   KSLOC/Staff     Cost
   1        2.02         0.00          0.00      0.00       0.00         0.00


             SUMMARY OF PROJECTION
 Cumulative Maintenance Person-month                                 0.00
 Overall Development and Maintenance Person-month                    4.57
 Cumulative Maintenance Cost                                         0.00
 Overall Development and Maintenance Cost                         1829.95


Printed at:  Sun Mar 29 23:48:48 2009


Project Name:  <sample>

Early Design Cost Drivers

         MODULE NAME  RCPX  RUSE  PDIF  PERS  PREX  FCIL  SCED  USR1  USR2
                         L     N     L     N     H     N     N     N     N
    Mapa de Asuncion    0%    0%    0%    0%    0%    0%    0%    0%    0%
                      0.98  1.00  0.87  1.00  0.87  1.00  1.00  1.00  1.00

		       MODULE PHASE & ACTIVITY INFORMATION
		     ========================================

          Overall Phase Distribution
==============================================================================
 MODULE                                 Mapa de Asuncion
 SLOC                                               2019
 TOTAL EFFORT                                      4.575 Person Months
==============================================================================
                          PCNT    EFFORT (PM)     PCNT     SCHEDULE       Staff
 Plans And Requirements    7.000     0.320       16.006      0.940       0.341
 Product Design           17.000     0.778       24.003      1.409       0.552
 Programming              63.990     2.927       55.987      3.287       0.891
   - Detailed Design      26.997     1.235        ----        ----        ----
   - Code and Unit Test   36.994     1.692        ----        ----        ----
 Integration and Test     19.009     0.870       20.009      1.175       0.740


==============================================================================
 Life Cycle Phase                      Plans And Requirements
 Life Cycle Effort                                        0.320 Person Months
 Life Cycle Schedule                                      0.940 Months
==============================================================================
                                PCNT      EFFORT (PM)   SCHEDULE       Staff   
 Requirements Analysis          47.997     0.154         0.940        0.164
 Product Design                 16.002     0.051         0.940        0.055
 Programming                     2.503     0.008         0.940        0.009
 Test Planning                   2.502     0.008         0.940        0.009
 Verification and Validation     6.002     0.019         0.940        0.020
 Project Office                 15.497     0.050         0.940        0.053
 CM/QA                           3.498     0.011         0.940        0.012
 Manuals                         6.000     0.019         0.940        0.020



Printed at:  Sun Mar 29 23:48:48 2009


Project Name:  <sample>

		       MODULE PHASE & ACTIVITY INFORMATION
		     ========================================

==============================================================================
 Life Cycle Phase                              Product Design
 Life Cycle Effort                                        0.778 Person Months
 Life Cycle Schedule                                      1.409 Months
==============================================================================
                                PCNT      EFFORT (PM)   SCHEDULE       Staff   
 Requirements Analysis          12.500     0.097         1.409        0.069
 Product Design                 41.000     0.319         1.409        0.226
 Programming                    12.002     0.093         1.409        0.066
 Test Planning                   4.502     0.035         1.409        0.025
 Verification and Validation     6.002     0.047         1.409        0.033
 Project Office                 12.997     0.101         1.409        0.072
 CM/QA                           2.998     0.023         1.409        0.017
 Manuals                         8.000     0.062         1.409        0.044

==============================================================================
 Life Cycle Phase                                 Programming
 Life Cycle Effort                                        2.927 Person Months
 Life Cycle Schedule                                      3.287 Months
==============================================================================
                                PCNT      EFFORT (PM)   SCHEDULE       Staff   
 Requirements Analysis           4.000     0.117         3.287        0.036
 Product Design                  8.000     0.234         3.287        0.071
 Programming                    56.500     1.654         3.287        0.503
 Test Planning                   4.002     0.117         3.287        0.036
 Verification and Validation     7.002     0.205         3.287        0.062
 Project Office                  7.498     0.220         3.287        0.067
 CM/QA                           6.998     0.205         3.287        0.062
 Manuals                         6.000     0.176         3.287        0.053

==============================================================================
 Life Cycle Phase                        Integration and Test
 Life Cycle Effort                                        0.870 Person Months
 Life Cycle Schedule                                      1.175 Months
==============================================================================
                                PCNT      EFFORT (PM)   SCHEDULE       Staff   
 Requirements Analysis           2.500     0.022         1.175        0.019
 Product Design                  5.000     0.043         1.175        0.037
 Programming                    33.006     0.287         1.175        0.244
 Test Planning                   2.500     0.022         1.175        0.019
 Verification and Validation    31.997     0.278         1.175        0.237
 Project Office                  8.498     0.074         1.175        0.063
 CM/QA                           8.498     0.074         1.175        0.063
 Manuals                         8.000     0.070         1.175        0.059




Printed at:  Sun Mar 29 23:48:48 2009


Project Name:  <sample>

		       MODULE  MAINTENANCE INFORMATION
		=============================================

 MODULE                                           Mapa de Asuncion
 Development SLOC                                             2019
 Development Nominal Person-Month                                6.17
 Development Adjusted Person-Month                               4.57
 Development Cost                                             1829.95
 Maintenance Labor Rate                                          0.00
 Percentage Added                                                0.00%
 Percentage Modified                                             0.00%
 Maintenance Software Understanding                              30.00
 Unfamiliarity with the Software                                 0.40

 Annual Change Traffic                                           0.00%

 Effort Ajustment Factor                                         1.00


   RCPX     RUSE     PDIF     PERS     PREX     FCIL
  Nominal  Nominal  Nominal  Nominal  Nominal  Nominal
       0%       0%       0%       0%       0%       0%
   USR1     USR2
  Nominal  Nominal
       0%       0%

              WORK LOAD PROJECTION FOR THE NEXT 1 YEARS
 Year      KSLOC       Effort_Nom  Effort_Maint  Staff   KSLOC/Staff     Cost
   1        2.02         0.00          0.00      0.00       0.00         0.00


             SUMMARY OF PROJECTION
 Cumulative Maintenance Person-month                                 0.00
 Overall Development and Maintenance Person-month                    4.57
 Cumulative Maintenance Cost                                         0.00
 Overall Development and Maintenance Cost                         1829.95


